<?xml version="1.0" encoding="UTF-8"?>
<Site BuildName="Linux-clang++"
	BuildStamp="20241210-1240-Experimental"
	Name="lovkiy-ThinkPad-T15-Gen-1"
	Generator="ctest-3.28.3"
	CompilerName="/usr/bin/clang++"
	CompilerVersion=""
	OSName="Linux"
	Hostname="lovkiy-ThinkPad-T15-Gen-1"
	OSRelease="6.8.0-49-generic"
	OSVersion="#49-Ubuntu SMP PREEMPT_DYNAMIC Mon Nov  4 02:06:24 UTC 2024"
	OSPlatform="x86_64"
	Is64Bits="1"
	VendorString="GenuineIntel"
	VendorID="Intel Corporation"
	FamilyID="6"
	ModelID="142"
	ProcessorCacheSize="6144"
	NumberOfLogicalCPU="8"
	NumberOfPhysicalCPU="4"
	TotalVirtualMemory="8191"
	TotalPhysicalMemory="31884"
	LogicalProcessorsPerPhysical="2"
	ProcessorClockFrequency="3900.28"
	>
	<Testing>
		<StartDateTime>Dec 10 15:41 +03</StartDateTime>
		<StartTestTime>1733834480</StartTestTime>
		<TestList/>
		<EndDateTime>Dec 10 15:41 +03</EndDateTime>
		<EndTestTime>1733834480</EndTestTime>
		<ElapsedMinutes>0</ElapsedMinutes>
	</Testing>
</Site>
