<?xml version="1.0" encoding="UTF-8"?>
<Site BuildName="Linux-c++"
	BuildStamp="20241215-1604-Experimental"
	Name="lovkiy-ThinkPad-T15-Gen-1"
	Generator="ctest-3.28.3"
	CompilerName="/usr/bin/c++"
	CompilerVersion="13.3.0"
	OSName="Linux"
	Hostname="lovkiy-ThinkPad-T15-Gen-1"
	OSRelease="6.8.0-50-generic"
	OSVersion="#51-Ubuntu SMP PREEMPT_DYNAMIC Sat Nov  9 17:58:29 UTC 2024"
	OSPlatform="x86_64"
	Is64Bits="1"
	VendorString="GenuineIntel"
	VendorID="Intel Corporation"
	FamilyID="6"
	ModelID="142"
	ProcessorCacheSize="6144"
	NumberOfLogicalCPU="8"
	NumberOfPhysicalCPU="4"
	TotalVirtualMemory="8191"
	TotalPhysicalMemory="31884"
	LogicalProcessorsPerPhysical="2"
	ProcessorClockFrequency="3198.76"
	>
	<Testing>
		<StartDateTime>Dec 15 19:04 +03</StartDateTime>
		<StartTestTime>1734278641</StartTestTime>
		<TestList/>
		<EndDateTime>Dec 15 19:04 +03</EndDateTime>
		<EndTestTime>1734278641</EndTestTime>
		<ElapsedMinutes>0</ElapsedMinutes>
	</Testing>
</Site>
